2025-04-04 03:56:07.432064 - Received CBT.V508.FILE1032.PDS from FILE1032.XMI 
2025-04-04 03:56:07.434018 - Found $$$#DATE.txt (text/plain) in CBT.V508.FILE1032.PDS, moved to PDS/$$$#DATE
2025-04-04 03:56:07.434168 - Found $DOC.txt (text/plain) in CBT.V508.FILE1032.PDS, moved to PDS/$DOC
2025-04-04 03:56:07.434348 - Found $DOC2.txt (text/plain) in CBT.V508.FILE1032.PDS, moved to PDS/$DOC2
2025-04-04 03:56:07.434475 - Found $INDEX.txt (text/plain) in CBT.V508.FILE1032.PDS, moved to PDS/$INDEX
2025-04-04 03:56:07.434595 - Found $INSTALL.txt (text/plain) in CBT.V508.FILE1032.PDS, moved to PDS/$INSTALL
2025-04-04 03:56:07.434717 - Found $README.txt (text/plain) in CBT.V508.FILE1032.PDS, moved to PDS/$README
2025-04-04 03:56:07.434841 - Found $ZLISTEN.txt (text/plain) in CBT.V508.FILE1032.PDS, moved to PDS/$ZLISTEN
2025-04-04 03:56:07.434991 - Found @FIL1032.txt (text/plain) in CBT.V508.FILE1032.PDS, moved to PDS/@FIL1032
2025-04-04 03:56:07.435104 - Found ALLOC.jcl (text/plain) in CBT.V508.FILE1032.PDS, moved to PDS/ALLOC
2025-04-04 03:56:07.435255 - Found XPCCMD.txt (text/plain) in CBT.V508.FILE1032.PDS, moved to PDS/XPCCMD
2025-04-04 03:56:07.435386 - Found XPCENF.txt (text/plain) in CBT.V508.FILE1032.PDS, moved to PDS/XPCENF
2025-04-04 03:56:07.435501 - Found XPCEOM.txt (text/plain) in CBT.V508.FILE1032.PDS, moved to PDS/XPCEOM
2025-04-04 03:56:07.435619 - Found XPCEOT.txt (text/plain) in CBT.V508.FILE1032.PDS, moved to PDS/XPCEOT
2025-04-04 03:56:07.435744 - Found XPCFRR.txt (text/plain) in CBT.V508.FILE1032.PDS, moved to PDS/XPCFRR
2025-04-04 03:56:07.435868 - Found XPCINI.txt (text/plain) in CBT.V508.FILE1032.PDS, moved to PDS/XPCINI
2025-04-04 03:56:07.435981 - Found XPCMSG.txt (text/plain) in CBT.V508.FILE1032.PDS, moved to PDS/XPCMSG
2025-04-04 03:56:07.436124 - Found XPCNUC.txt (text/plain) in CBT.V508.FILE1032.PDS, moved to PDS/XPCNUC
2025-04-04 03:56:07.436288 - Found XPCRTM.txt (text/plain) in CBT.V508.FILE1032.PDS, moved to PDS/XPCRTM
2025-04-04 03:56:07.436443 - Found XPCSRV.txt (text/plain) in CBT.V508.FILE1032.PDS, moved to PDS/XPCSRV
2025-04-04 03:56:07.436555 - Found XPCTST.txt (text/plain) in CBT.V508.FILE1032.PDS, moved to PDS/XPCTST
2025-04-04 03:56:07.436685 - Found XPCWTO.txt (text/plain) in CBT.V508.FILE1032.PDS, moved to PDS/XPCWTO
2025-04-04 03:56:07.436798 - Found ZAUTH.txt (text/plain) in CBT.V508.FILE1032.PDS, moved to PDS/ZAUTH
2025-04-04 03:56:07.436961 - Found ZCOPY.txt (text/plain) in CBT.V508.FILE1032.PDS, moved to PDS/ZCOPY
2025-04-04 03:56:07.437109 - Found ZDYNLPA.txt (text/plain) in CBT.V508.FILE1032.PDS, moved to PDS/ZDYNLPA
2025-04-04 03:56:07.437486 - Found ZFREMEM.txt (text/plain) in CBT.V508.FILE1032.PDS, moved to PDS/ZFREMEM
2025-04-04 03:56:07.437716 - Found ZGETMEM.txt (text/plain) in CBT.V508.FILE1032.PDS, moved to PDS/ZGETMEM
2025-04-04 03:56:07.438126 - Found ZLISTEN.txt (text/plain) in CBT.V508.FILE1032.PDS, moved to PDS/ZLISTEN
2025-04-04 03:56:07.438251 - Found ZPROT.txt (text/plain) in CBT.V508.FILE1032.PDS, moved to PDS/ZPROT
2025-04-04 03:56:07.438370 - Found ZXPCLINK.jcl (text/plain) in CBT.V508.FILE1032.PDS, moved to PDS/ZXPCLINK
2025-04-04 03:56:07.438503 - Found ZXPCRACF.jcl (text/plain) in CBT.V508.FILE1032.PDS, moved to PDS/ZXPCRACF
2025-04-04 03:56:07.438620 - Found ZZASY.txt (text/plain) in CBT.V508.FILE1032.PDS, moved to PDS/ZZASY
2025-04-04 03:56:07.438753 - Found ZZCALL.txt (text/plain) in CBT.V508.FILE1032.PDS, moved to PDS/ZZCALL
2025-04-04 03:56:07.438915 - Found ZZEQU.txt (text/plain) in CBT.V508.FILE1032.PDS, moved to PDS/ZZEQU
2025-04-04 03:56:07.439027 - Found ZZGBL.txt (text/plain) in CBT.V508.FILE1032.PDS, moved to PDS/ZZGBL
2025-04-04 03:56:07.439141 - Found ZZMAC.txt (text/plain) in CBT.V508.FILE1032.PDS, moved to PDS/ZZMAC
2025-04-04 03:56:07.439261 - Found ZZRETRY.txt (text/plain) in CBT.V508.FILE1032.PDS, moved to PDS/ZZRETRY
2025-04-04 03:56:07.439370 - Found ZZRUN.txt (text/plain) in CBT.V508.FILE1032.PDS, moved to PDS/ZZRUN
2025-04-04 03:56:07.439495 - Found ZZRWA.txt (text/plain) in CBT.V508.FILE1032.PDS, moved to PDS/ZZRWA
2025-04-04 03:56:07.439613 - Found ZZTAB.txt (text/plain) in CBT.V508.FILE1032.PDS, moved to PDS/ZZTAB
2025-04-04 03:56:07.439724 - Found ZZTRC.txt (text/plain) in CBT.V508.FILE1032.PDS, moved to PDS/ZZTRC
2025-04-04 03:56:07.439838 - Found ZZWTO.txt (text/plain) in CBT.V508.FILE1032.PDS, moved to PDS/ZZWTO
2025-04-04 03:56:07.439978 - Found ZZXRE.txt (text/plain) in CBT.V508.FILE1032.PDS, moved to PDS/ZZXRE
2025-04-04 03:56:07.440091 - Found ZZXSA.txt (text/plain) in CBT.V508.FILE1032.PDS, moved to PDS/ZZXSA
2025-04-04 03:56:07.440209 - Found ZZXVT.txt (text/plain) in CBT.V508.FILE1032.PDS, moved to PDS/ZZXVT
